<?xml version="1.0" encoding="UTF-8"?>
<testng-results skipped="0" failed="0" ignored="0" total="1" passed="1">
  <reporter-output>
  </reporter-output>
  <suite name="Default suite" duration-ms="1357" started-at="2019-12-11T10:01:24Z" finished-at="2019-12-11T10:01:26Z">
    <groups>
      <group name="cucumber">
        <method signature="AbstractTestNGCucumberTests.feature(cucumber.api.testng.CucumberFeatureWrapper)[pri:0, instance:com.mapsynq.TestRunner.Runner@56ac3a89]" name="feature" class="cucumber.api.testng.AbstractTestNGCucumberTests"/>
      </group> <!-- cucumber -->
    </groups>
    <test name="Default test" duration-ms="1357" started-at="2019-12-11T10:01:24Z" finished-at="2019-12-11T10:01:26Z">
      <class name="com.mapsynq.TestRunner.Runner">
        <test-method status="PASS" signature="setUpClass()[pri:0, instance:com.mapsynq.TestRunner.Runner@56ac3a89]" name="setUpClass" is-config="true" duration-ms="693" started-at="2019-12-11T10:01:24Z" finished-at="2019-12-11T10:01:25Z">
          <reporter-output>
          </reporter-output>
        </test-method> <!-- setUpClass -->
        <test-method status="PASS" signature="feature(cucumber.api.testng.CucumberFeatureWrapper)[pri:0, instance:com.mapsynq.TestRunner.Runner@56ac3a89]" name="feature" duration-ms="132" started-at="2019-12-11T10:01:25Z" description="Runs Cucumber Feature" data-provider="features" finished-at="2019-12-11T10:01:26Z">
          <params>
            <param index="0">
              <value>
                <![CDATA[Sign In Module Scenarios]]>
              </value>
            </param>
          </params>
          <reporter-output>
          </reporter-output>
        </test-method> <!-- feature -->
        <test-method status="PASS" signature="tearDownClass()[pri:0, instance:com.mapsynq.TestRunner.Runner@56ac3a89]" name="tearDownClass" is-config="true" duration-ms="44" started-at="2019-12-11T10:01:26Z" finished-at="2019-12-11T10:01:26Z">
          <reporter-output>
          </reporter-output>
        </test-method> <!-- tearDownClass -->
      </class> <!-- com.mapsynq.TestRunner.Runner -->
    </test> <!-- Default test -->
  </suite> <!-- Default suite -->
</testng-results>
